\BOOKMARK [0][-]{section*.8}{\376\377\000A\000b\000s\000t\000r\000a\000c\000t}{}% 1
\BOOKMARK [0][-]{chapter*.10}{\376\377\000L\000i\000s\000t\000\040\000o\000f\000\040\000F\000i\000g\000u\000r\000e\000s}{}% 2
\BOOKMARK [0][-]{chapter*.11}{\376\377\000L\000i\000s\000t\000\040\000o\000f\000\040\000T\000a\000b\000l\000e\000s}{}% 3
\BOOKMARK [0][-]{chapter.12}{\376\377\000I\000n\000t\000r\000o\000d\000u\000c\000t\000i\000o\000n}{}% 4
\BOOKMARK [1][-]{section.13}{\376\377\000T\000e\000x\000t\000\040\000M\000i\000n\000i\000n\000g}{chapter.12}% 5
\BOOKMARK [1][-]{section.14}{\376\377\000C\000l\000a\000s\000s\000i\000f\000y\000i\000n\000g\000\040\000D\000o\000c\000u\000m\000e\000n\000t\000s\000\040\000b\000y\000\040\000G\000e\000n\000r\000e}{chapter.12}% 6
\BOOKMARK [1][-]{section.16}{\376\377\000C\000l\000o\000s\000e\000d\000-\000s\000e\000t\000\040\000v\000s\000.\000\040\000O\000p\000e\000n\000-\000s\000e\000t\000\040\000C\000l\000a\000s\000s\000i\000f\000i\000c\000a\000t\000i\000o\000n}{chapter.12}% 7
\BOOKMARK [1][-]{section.20}{\376\377\000R\000e\000p\000r\000e\000s\000e\000n\000t\000a\000t\000i\000o\000n\000\040\000o\000f\000\040\000W\000e\000b\000-\000p\000a\000g\000e\000s}{chapter.12}% 8
\BOOKMARK [1][-]{section.28}{\376\377\000M\000o\000t\000i\000v\000a\000t\000i\000o\000n}{chapter.12}% 9
\BOOKMARK [1][-]{section.29}{\376\377\000C\000o\000n\000t\000r\000i\000b\000u\000t\000i\000o\000n}{chapter.12}% 10
\BOOKMARK [1][-]{section.32}{\376\377\000P\000u\000b\000l\000i\000c\000a\000t\000i\000o\000n\000s}{chapter.12}% 11
\BOOKMARK [1][-]{section.33}{\376\377\000T\000h\000e\000s\000i\000s\000\040\000O\000u\000t\000l\000i\000n\000e}{chapter.12}% 12
\BOOKMARK [0][-]{chapter.34}{\376\377\000R\000e\000l\000e\000v\000a\000n\000t\000\040\000W\000o\000r\000k}{}% 13
\BOOKMARK [1][-]{section.35}{\376\377\000I\000n\000t\000r\000o\000d\000u\000c\000t\000i\000o\000n}{chapter.34}% 14
\BOOKMARK [1][-]{section.36}{\376\377\000T\000h\000e\000\040\000N\000o\000t\000i\000o\000n\000\040\000o\000f\000\040\000G\000e\000n\000r\000e}{chapter.34}% 15
\BOOKMARK [1][-]{section.39}{\376\377\000R\000e\000p\000r\000e\000s\000e\000n\000t\000a\000t\000i\000o\000n\000\040\000o\000f\000\040\000G\000e\000n\000r\000e\000-\000r\000e\000l\000a\000t\000e\000d\000\040\000I\000n\000f\000o\000r\000m\000a\000t\000i\000o\000n}{chapter.34}% 16
\BOOKMARK [2][-]{subsection.40}{\376\377\000T\000e\000x\000t\000u\000a\000l\000\040\000F\000e\000a\000t\000u\000r\000e\000s}{section.39}% 17
\BOOKMARK [2][-]{subsection.46}{\376\377\000S\000t\000r\000u\000c\000t\000u\000r\000a\000l\000\040\000F\000e\000a\000t\000u\000r\000e\000s}{section.39}% 18
\BOOKMARK [2][-]{subsection.47}{\376\377\000I\000m\000a\000g\000e\000-\000r\000e\000l\000a\000t\000e\000d\000\040\000F\000e\000a\000t\000u\000r\000e\000s}{section.39}% 19
\BOOKMARK [2][-]{subsection.48}{\376\377\000H\000y\000p\000e\000r\000l\000i\000n\000k\000s\000\040\000a\000n\000d\000\040\000U\000R\000L\000-\000b\000a\000s\000e\000d\000\040\000R\000e\000p\000r\000e\000s\000e\000n\000t\000a\000t\000i\000o\000n}{section.39}% 20
\BOOKMARK [2][-]{subsection.55}{\376\377\000C\000o\000m\000b\000i\000n\000a\000t\000i\000o\000n\000\040\000o\000f\000\040\000F\000e\000a\000t\000u\000r\000e\000s}{section.39}% 21
\BOOKMARK [2][-]{subsection.64}{\376\377\000D\000o\000m\000a\000i\000n\000-\000s\000p\000e\000c\000i\000f\000i\000c\000\040\000G\000e\000n\000r\000e\000\040\000R\000e\000p\000r\000e\000s\000e\000n\000t\000a\000t\000i\000o\000n}{section.39}% 22
\BOOKMARK [2][-]{subsection.69}{\376\377\000F\000e\000a\000t\000u\000r\000e\000\040\000W\000e\000i\000g\000h\000t\000i\000n\000g\000\040\000a\000n\000d\000\040\000S\000e\000l\000e\000c\000t\000i\000o\000n}{section.39}% 23
\BOOKMARK [1][-]{section.75}{\376\377\000M\000a\000c\000h\000i\000n\000e\000\040\000L\000e\000a\000r\000n\000i\000n\000g\000\040\000A\000p\000p\000r\000o\000a\000c\000h\000e\000s\000\040\000t\000o\000\040\000G\000e\000n\000r\000e\000\040\000I\000d\000e\000n\000t\000i\000f\000i\000c\000a\000t\000i\000o\000n}{chapter.34}% 24
\BOOKMARK [2][-]{subsection.76}{\376\377\000C\000l\000o\000s\000e\000d\000-\000s\000e\000t\000\040\000G\000e\000n\000r\000e\000\040\000R\000e\000c\000o\000g\000n\000i\000t\000i\000o\000n}{section.75}% 25
\BOOKMARK [2][-]{subsection.80}{\376\377\000O\000p\000e\000n\000-\000s\000e\000t\000\040\000C\000l\000a\000s\000s\000i\000f\000i\000c\000a\000t\000i\000o\000n}{section.75}% 26
\BOOKMARK [2][-]{subsection.85}{\376\377\000S\000e\000m\000i\000-\000s\000u\000p\000e\000r\000v\000i\000s\000e\000d\000\040\000a\000n\000d\000\040\000U\000n\000s\000u\000p\000e\000r\000v\000i\000s\000e\000d\000\040\000L\000e\000a\000r\000n\000i\000n\000g}{section.75}% 27
\BOOKMARK [2][-]{subsection.91}{\376\377\000H\000i\000e\000r\000a\000r\000c\000h\000i\000c\000a\000l\000\040\000C\000l\000a\000s\000s\000i\000f\000i\000c\000a\000t\000i\000o\000n}{section.75}% 28
\BOOKMARK [1][-]{section.92}{\376\377\000C\000o\000r\000p\000o\000r\000a\000\040\000f\000o\000r\000\040\000W\000G\000I\000\040\000E\000v\000a\000l\000u\000a\000t\000i\000o\000n}{chapter.34}% 29
\BOOKMARK [1][-]{section.94}{\376\377\000C\000o\000n\000c\000l\000u\000s\000i\000o\000n\000s}{chapter.34}% 30
\BOOKMARK [0][-]{chapter.95}{\376\377\000O\000p\000e\000n\000-\000s\000e\000t\000\040\000W\000G\000I\000\040\000A\000l\000g\000o\000r\000i\000t\000h\000m\000s}{}% 31
\BOOKMARK [1][-]{section.96}{\376\377\000I\000n\000t\000r\000o\000d\000u\000c\000t\000i\000o\000n}{chapter.95}% 32
\BOOKMARK [1][-]{section.97}{\376\377\000O\000p\000e\000n\000-\000s\000e\000t\000\040\000C\000l\000a\000s\000s\000i\000f\000i\000c\000a\000t\000i\000o\000n}{chapter.95}% 33
\BOOKMARK [2][-]{subsection.98}{\376\377\000N\000o\000i\000s\000e\000\040\000i\000n\000\040\000O\000p\000e\000n\000-\000s\000e\000t\000\040\000R\000e\000c\000o\000g\000n\000i\000t\000i\000o\000n}{section.97}% 34
\BOOKMARK [2][-]{subsection.99}{\376\377\000T\000h\000e\000\040\000O\000p\000e\000n\000-\000S\000p\000a\000c\000e\000\040\000R\000i\000s\000k}{section.97}% 35
\BOOKMARK [1][-]{section.106}{\376\377\000P\000a\000r\000a\000d\000i\000g\000m\000s\000\040\000i\000n\000\040\000O\000p\000e\000n\000-\000s\000e\000t\000\040\000C\000l\000a\000s\000s\000i\000f\000i\000c\000a\000t\000i\000o\000n}{chapter.95}% 36
\BOOKMARK [1][-]{section.107}{\376\377\000O\000p\000e\000n\000-\000s\000e\000t\000\040\000C\000l\000a\000s\000s\000i\000f\000i\000e\000r\000s\000\040\000f\000o\000r\000\040\000W\000G\000I}{chapter.95}% 37
\BOOKMARK [2][-]{subsection.108}{\376\377\000O\000n\000e\000-\000C\000l\000a\000s\000s\000\040\000S\000V\000M}{section.107}% 38
\BOOKMARK [2][-]{subsection.133}{\376\377\000R\000a\000n\000d\000o\000m\000\040\000F\000e\000a\000t\000u\000r\000e\000\040\000S\000u\000b\000s\000p\000a\000c\000i\000n\000g\000\040\000E\000n\000s\000e\000m\000b\000l\000e}{section.107}% 39
\BOOKMARK [2][-]{subsection.159}{\376\377\000N\000e\000a\000r\000e\000s\000t\000\040\000N\000e\000i\000g\000h\000b\000o\000r\000s\000\040\000D\000i\000s\000t\000a\000n\000c\000e\000\040\000R\000a\000t\000i\000o}{section.107}% 40
\BOOKMARK [1][-]{section.183}{\376\377\000C\000o\000n\000c\000l\000u\000s\000i\000o\000n\000s}{chapter.95}% 41
\BOOKMARK [0][-]{chapter.184}{\376\377\000A\000n\000\040\000E\000v\000a\000l\000u\000a\000t\000i\000o\000n\000\040\000F\000r\000a\000m\000e\000w\000o\000r\000k\000\040\000f\000o\000r\000\040\000O\000p\000e\000n\000-\000s\000e\000t\000\040\000W\000G\000I}{}% 42
\BOOKMARK [1][-]{section.185}{\376\377\000I\000n\000t\000r\000o\000d\000u\000c\000t\000i\000o\000n}{chapter.184}% 43
\BOOKMARK [1][-]{section.186}{\376\377\000E\000v\000a\000l\000u\000a\000t\000i\000o\000n\000\040\000M\000e\000a\000s\000u\000r\000e\000s}{chapter.184}% 44
\BOOKMARK [2][-]{subsection.187}{\376\377\000P\000r\000e\000c\000i\000s\000i\000o\000n\000,\000\040\000R\000e\000c\000a\000l\000l\000,\000\040\000a\000n\000d\000\040\000F\000-\000S\000c\000o\000r\000e}{section.186}% 45
\BOOKMARK [2][-]{subsection.196}{\376\377\000O\000p\000e\000n\000-\000s\000e\000t\000\040\000V\000a\000r\000i\000a\000n\000t\000s\000\040\000o\000f\000\040\000E\000v\000a\000l\000u\000a\000t\000i\000o\000n\000\040\000M\000e\000a\000s\000u\000r\000e\000s}{section.186}% 46
\BOOKMARK [2][-]{subsection.199}{\376\377\000P\000r\000e\000c\000i\000s\000i\000o\000n\000-\000R\000e\000c\000a\000l\000l\000\040\000C\000u\000r\000v\000e\000s}{section.186}% 47
\BOOKMARK [1][-]{section.204}{\376\377\000T\000h\000e\000\040\000O\000p\000e\000n\000n\000e\000s\000s\000\040\000T\000e\000s\000t}{chapter.184}% 48
\BOOKMARK [1][-]{section.207}{\376\377\000C\000o\000n\000c\000l\000u\000s\000i\000o\000n\000s}{chapter.184}% 49
\BOOKMARK [0][-]{chapter.208}{\376\377\000E\000x\000p\000e\000r\000i\000m\000e\000n\000t\000a\000l\000\040\000A\000n\000a\000l\000y\000s\000i\000s\000\040\000o\000f\000\040\000O\000p\000e\000n\000-\000s\000e\000t\000\040\000W\000G\000I\000\040\000M\000e\000t\000h\000o\000d\000s}{}% 50
\BOOKMARK [1][-]{section.209}{\376\377\000I\000n\000t\000r\000o\000d\000u\000c\000t\000i\000o\000n}{chapter.208}% 51
\BOOKMARK [1][-]{section.210}{\376\377\000C\000o\000r\000p\000o\000r\000a}{chapter.208}% 52
\BOOKMARK [1][-]{section.213}{\376\377\000E\000x\000p\000e\000r\000i\000m\000e\000n\000t\000a\000l\000\040\000S\000e\000t\000u\000p}{chapter.208}% 53
\BOOKMARK [1][-]{section.215}{\376\377\000W\000G\000I\000\040\000w\000i\000t\000h\000\040\000U\000n\000s\000t\000r\000u\000c\000t\000u\000r\000e\000d\000\040\000N\000o\000i\000s\000e}{chapter.208}% 54
\BOOKMARK [1][-]{section.220}{\376\377\000W\000G\000I\000\040\000w\000i\000t\000h\000\040\000S\000t\000r\000u\000c\000t\000u\000r\000e\000d\000\040\000N\000o\000i\000s\000e}{chapter.208}% 55
\BOOKMARK [1][-]{section.225}{\376\377\000C\000o\000n\000c\000l\000u\000s\000i\000o\000n\000s}{chapter.208}% 56
\BOOKMARK [0][-]{chapter.226}{\376\377\000T\000h\000e\000\040\000U\000s\000e\000f\000u\000l\000n\000e\000s\000s\000\040\000o\000f\000\040\000D\000i\000s\000t\000r\000i\000b\000u\000t\000e\000d\000\040\000R\000e\000p\000r\000e\000s\000e\000n\000t\000a\000t\000i\000o\000n\000s\000\040\000i\000n\000\040\000W\000G\000I}{}% 57
\BOOKMARK [1][-]{section.227}{\376\377\000I\000n\000t\000r\000o\000d\000u\000c\000t\000i\000o\000n}{chapter.226}% 58
\BOOKMARK [1][-]{section.228}{\376\377\000O\000b\000t\000a\000i\000n\000i\000n\000g\000\040\000D\000i\000s\000t\000r\000i\000b\000u\000t\000e\000d\000\040\000R\000e\000p\000r\000e\000s\000e\000n\000t\000a\000t\000i\000o\000n\000s}{chapter.226}% 59
\BOOKMARK [2][-]{subsection.229}{\376\377\000W\000o\000r\000d\000\040\000E\000m\000b\000e\000d\000d\000i\000n\000g\000s}{section.228}% 60
\BOOKMARK [2][-]{subsection.238}{\376\377\000D\000o\000c\000u\000m\000e\000n\000t\000\040\000E\000m\000b\000e\000d\000d\000i\000n\000g\000s}{section.228}% 61
\BOOKMARK [1][-]{section.243}{\376\377\000E\000x\000p\000e\000r\000i\000m\000e\000n\000t\000a\000l\000\040\000S\000e\000t\000u\000p}{chapter.226}% 62
\BOOKMARK [1][-]{section.246}{\376\377\000E\000x\000p\000e\000r\000i\000m\000e\000n\000t\000a\000l\000\040\000R\000e\000s\000u\000l\000t\000s}{chapter.226}% 63
\BOOKMARK [2][-]{subsection.247}{\376\377\000T\000h\000e\000\040\000E\000f\000f\000e\000c\000t\000\040\000o\000f\000\040\000D\000i\000s\000t\000r\000i\000b\000u\000t\000e\000d\000\040\000R\000e\000p\000r\000e\000s\000e\000n\000t\000a\000t\000i\000o\000n\000\040\000o\000n\000\040\000N\000N\000D\000R}{section.246}% 64
\BOOKMARK [2][-]{subsection.251}{\376\377\000C\000o\000m\000p\000a\000r\000i\000s\000o\000n\000\040\000o\000f\000\040\000O\000p\000e\000n\000-\000s\000e\000t\000\040\000W\000G\000I\000\040\000M\000e\000t\000h\000o\000d\000s}{section.246}% 65
\BOOKMARK [1][-]{section.254}{\376\377\000C\000o\000n\000c\000l\000u\000s\000i\000o\000n\000s}{chapter.226}% 66
\BOOKMARK [0][-]{chapter.255}{\376\377\000C\000o\000n\000c\000l\000u\000s\000i\000o\000n\000s}{}% 67
\BOOKMARK [1][-]{section.256}{\376\377\000I\000n\000t\000r\000o\000d\000u\000c\000t\000i\000o\000n}{chapter.255}% 68
\BOOKMARK [1][-]{section.257}{\376\377\000M\000a\000i\000n\000\040\000F\000i\000n\000d\000i\000n\000g\000s}{chapter.255}% 69
\BOOKMARK [1][-]{section.258}{\376\377\000F\000u\000t\000u\000r\000e\000\040\000W\000o\000r\000k\000\040\000D\000i\000r\000e\000c\000t\000i\000o\000n\000s}{chapter.255}% 70
\BOOKMARK [0][-]{chapter*.259}{\376\377\000B\000i\000b\000l\000i\000o\000g\000r\000a\000p\000h\000y}{}% 71
